<?xml version="1.0" encoding="UTF-8"?>
<!-- Generated by org.testng.reporters.JUnitXMLReporter -->
<testsuite hostname="LAPTOP-LNQO8009" ignored="4" name="iOS Cloud Web tests" tests="1" failures="0" timestamp="2021-10-05T21:24:38 MSK" time="0.033" errors="0">
  <testcase name="@BeforeSuite setUp" time="0.074" classname="setup.BaseTest">
    <failure type="java.lang.NullPointerException">
      <![CDATA[java.lang.NullPointerException
at setup.BaseTest.setAppiumDriver(BaseTest.java:84)
at setup.BaseTest.setUp(BaseTest.java:41)
... Removed 23 stack frames]]>
    </failure>
  </testcase> <!-- @BeforeSuite setUp -->
  <testcase name="webSearchTest" time="0.0" classname="scenarios.webMobileTests">
    <skipped/>
  </testcase> <!-- webSearchTest -->
  <testcase name="registerToAccountTest" time="0.0" classname="scenarios.nativeMobileTests">
    <ignored/>
  </testcase> <!-- registerToAccountTest -->
  <testcase name="@AfterSuite tearDown" time="0.0" classname="setup.BaseTest">
    <ignored/>
  </testcase> <!-- @AfterSuite tearDown -->
  <testcase name="signInToAccountTest" time="0.0" classname="scenarios.nativeMobileTests">
    <ignored/>
  </testcase> <!-- signInToAccountTest -->
  <testcase name="@BeforeSuite setUp" time="0.0" classname="setup.BaseTest">
    <ignored/>
  </testcase> <!-- @BeforeSuite setUp -->
</testsuite> <!-- iOS Cloud Web tests -->
