<?xml version="1.0" encoding="UTF-8"?>
<testsuite xmlns:xsi="http://www.w3.org/2001/XMLSchema-instance" xsi:noNamespaceSchemaLocation="https://maven.apache.org/surefire/maven-surefire-plugin/xsd/surefire-test-report.xsd" name="TestSuite" time="13.881" tests="2" errors="0" skipped="0" failures="2">
  <properties>
[...]
</properties>
  <testcase name="registerToAccountTest" classname="scenarios.nativeMobileTests" time="13.498">
    <failure message="&#10;[public void scenarios.nativeMobileTests.registerToAccountTest() throws java.lang.IllegalAccessException,java.lang.NoSuchFieldException,java.lang.InstantiationException] has no parameters defined but was found to be using a data provider (either explicitly specified or inherited from class level annotation).&#10;Data provider mismatch&#10;Method: registerToAccountTest([])&#10;Arguments: [(java.lang.String) 2000.1@mail.ru,(java.lang.String) Alex,(java.lang.String) alex1980]" type="org.testng.internal.reflect.MethodMatcherException">org.testng.internal.reflect.MethodMatcherException: 

[public void scenarios.nativeMobileTests.registerToAccountTest() throws java.lang.IllegalAccessException,java.lang.NoSuchFieldException,java.lang.InstantiationException] has no parameters defined but was found to be using a data provider (either explicitly specified or inherited from class level annotation).
Data provider mismatch
Method: registerToAccountTest([])
Arguments: [(java.lang.String) 2000.1@mail.ru,(java.lang.String) Alex,(java.lang.String) alex1980]
</failure>
    <system-out><![CDATA[Before: app type - native
Current app type: native
]]></system-out>
    <system-err><![CDATA[Oct 05, 2021 7:29:10 PM io.appium.java_client.remote.AppiumCommandExecutor$1 lambda$0
INFO: Detected dialect: W3C
]]></system-err>
  </testcase>
  <testcase name="signInToAccountTest" classname="scenarios.nativeMobileTests" time="13.499">
    <failure message="&#10;[public void scenarios.nativeMobileTests.signInToAccountTest() throws java.lang.IllegalAccessException,java.lang.NoSuchFieldException,java.lang.InstantiationException,java.lang.InterruptedException] has no parameters defined but was found to be using a data provider (either explicitly specified or inherited from class level annotation).&#10;Data provider mismatch&#10;Method: signInToAccountTest([])&#10;Arguments: [(java.lang.String) 2000.1@mail.ru,(java.lang.String) Alex,(java.lang.String) alex1980]" type="org.testng.internal.reflect.MethodMatcherException">org.testng.internal.reflect.MethodMatcherException: 

[public void scenarios.nativeMobileTests.signInToAccountTest() throws java.lang.IllegalAccessException,java.lang.NoSuchFieldException,java.lang.InstantiationException,java.lang.InterruptedException] has no parameters defined but was found to be using a data provider (either explicitly specified or inherited from class level annotation).
Data provider mismatch
Method: signInToAccountTest([])
Arguments: [(java.lang.String) 2000.1@mail.ru,(java.lang.String) Alex,(java.lang.String) alex1980]
</failure>
  </testcase>
</testsuite>