<?xml version="1.0" encoding="UTF-8"?>
<!-- Generated by org.testng.reporters.JUnitXMLReporter -->
<testsuite hostname="LAPTOP-LNQO8009" ignored="3" name="Native tests" tests="1" failures="0" timestamp="2021-09-30T17:19:55 MSK" time="0.612" errors="0">
  <testcase name="simpleNativeTest" time="0.574" classname="scenarios.nativeMobileTests"/>
  <testcase name="simpleWebTest" time="0.0" classname="scenarios.webMobileTests">
    <ignored/>
  </testcase> <!-- simpleWebTest -->
  <testcase name="@AfterSuite tearDown" time="0.0" classname="setup.BaseTest">
    <ignored/>
  </testcase> <!-- @AfterSuite tearDown -->
  <testcase name="@BeforeSuite setUp" time="0.0" classname="setup.BaseTest">
    <ignored/>
  </testcase> <!-- @BeforeSuite setUp -->
</testsuite> <!-- Native tests -->
