<?xml version="1.0" encoding="UTF-8"?>
<!-- Generated by org.testng.reporters.JUnitXMLReporter -->
<testsuite hostname="LAPTOP-LNQO8009" ignored="3" name="Native tests" tests="2" failures="2" timestamp="2021-10-05T19:29:10 MSK" time="0.04" errors="0">
  <testcase name="registerToAccountTest" time="0.012" classname="scenarios.nativeMobileTests">
    <failure type="org.testng.internal.reflect.MethodMatcherException" message="
[public void scenarios.nativeMobileTests.registerToAccountTest() throws java.lang.IllegalAccessException,java.lang.NoSuchFieldException,java.lang.InstantiationException] has no parameters defined but was found to be using a data provider (either explicitly specified or inherited from class level annotation).
Data provider mismatch
Method: registerToAccountTest([])
Arguments: [(java.lang.String) 2000.1@mail.ru,(java.lang.String) Alex,(java.lang.String) alex1980]">
      <![CDATA[org.testng.internal.reflect.MethodMatcherException: 
[public void scenarios.nativeMobileTests.registerToAccountTest() throws java.lang.IllegalAccessException,java.lang.NoSuchFieldException,java.lang.InstantiationException] has no parameters defined but was found to be using a data provider (either explicitly specified or inherited from class level annotation).
Data provider mismatch
Method: registerToAccountTest([])
Arguments: [(java.lang.String) 2000.1@mail.ru,(java.lang.String) Alex,(java.lang.String) alex1980]
at java.util.ArrayList.forEach(ArrayList.java:1259)
... Removed 26 stack frames]]>
    </failure>
  </testcase> <!-- registerToAccountTest -->
  <testcase name="signInToAccountTest" time="0.0" classname="scenarios.nativeMobileTests">
    <failure type="org.testng.internal.reflect.MethodMatcherException" message="
[public void scenarios.nativeMobileTests.signInToAccountTest() throws java.lang.IllegalAccessException,java.lang.NoSuchFieldException,java.lang.InstantiationException,java.lang.InterruptedException] has no parameters defined but was found to be using a data provider (either explicitly specified or inherited from class level annotation).
Data provider mismatch
Method: signInToAccountTest([])
Arguments: [(java.lang.String) 2000.1@mail.ru,(java.lang.String) Alex,(java.lang.String) alex1980]">
      <![CDATA[org.testng.internal.reflect.MethodMatcherException: 
[public void scenarios.nativeMobileTests.signInToAccountTest() throws java.lang.IllegalAccessException,java.lang.NoSuchFieldException,java.lang.InstantiationException,java.lang.InterruptedException] has no parameters defined but was found to be using a data provider (either explicitly specified or inherited from class level annotation).
Data provider mismatch
Method: signInToAccountTest([])
Arguments: [(java.lang.String) 2000.1@mail.ru,(java.lang.String) Alex,(java.lang.String) alex1980]
at java.util.ArrayList.forEach(ArrayList.java:1259)
... Removed 26 stack frames]]>
    </failure>
  </testcase> <!-- signInToAccountTest -->
  <testcase name="@AfterSuite tearDown" time="0.0" classname="setup.BaseTest">
    <ignored/>
  </testcase> <!-- @AfterSuite tearDown -->
  <testcase name="@BeforeSuite setUp" time="0.0" classname="setup.BaseTest">
    <ignored/>
  </testcase> <!-- @BeforeSuite setUp -->
  <testcase name="webSearchTest" time="0.0" classname="scenarios.webMobileTests">
    <ignored/>
  </testcase> <!-- webSearchTest -->
</testsuite> <!-- Native tests -->
