<?xml version="1.0" encoding="UTF-8"?>
<!-- Generated by org.testng.reporters.JUnitXMLReporter -->
<testsuite hostname="LAPTOP-LNQO8009" ignored="4" name="Web tests" tests="1" failures="0" timestamp="2021-09-30T17:30:35 MSK" time="3.769" errors="0">
  <testcase name="simpleWebTest" time="3.733" classname="scenarios.webMobileTests"/>
  <testcase name="registerToAccountTest" time="0.0" classname="scenarios.nativeMobileTests">
    <ignored/>
  </testcase> <!-- registerToAccountTest -->
  <testcase name="@AfterSuite tearDown" time="0.0" classname="setup.BaseTest">
    <ignored/>
  </testcase> <!-- @AfterSuite tearDown -->
  <testcase name="signInToAccountTest" time="0.0" classname="scenarios.nativeMobileTests">
    <ignored/>
  </testcase> <!-- signInToAccountTest -->
  <testcase name="@BeforeSuite setUp" time="0.0" classname="setup.BaseTest">
    <ignored/>
  </testcase> <!-- @BeforeSuite setUp -->
</testsuite> <!-- Web tests -->
