<?xml version="1.0" encoding="UTF-8"?>
<!-- Generated by org.testng.reporters.JUnitXMLReporter -->
<testsuite hostname="LAPTOP-LNQO8009" ignored="4" name="Web tests" tests="1" failures="1" timestamp="2021-10-01T07:19:59 MSK" time="2.038" errors="0">
  <testcase name="simpleWebTest" time="1.941" classname="scenarios.webMobileTests">
    <failure type="java.lang.NullPointerException">
      <![CDATA[java.lang.NullPointerException
at scenarios.webMobileTests.simpleWebTest(webMobileTests.java:26)
at java.util.ArrayList.forEach(ArrayList.java:1259)
... Removed 31 stack frames]]>
    </failure>
  </testcase> <!-- simpleWebTest -->
  <testcase name="registerToAccountTest" time="0.0" classname="scenarios.nativeMobileTests">
    <ignored/>
  </testcase> <!-- registerToAccountTest -->
  <testcase name="@AfterSuite tearDown" time="0.0" classname="setup.BaseTest">
    <ignored/>
  </testcase> <!-- @AfterSuite tearDown -->
  <testcase name="signInToAccountTest" time="0.0" classname="scenarios.nativeMobileTests">
    <ignored/>
  </testcase> <!-- signInToAccountTest -->
  <testcase name="@BeforeSuite setUp" time="0.0" classname="setup.BaseTest">
    <ignored/>
  </testcase> <!-- @BeforeSuite setUp -->
</testsuite> <!-- Web tests -->
